0 info it worked if it ends with ok
1 verbose cli [ 'c:\\program files\\nodejs\\node.exe',
1 verbose cli   'c:\\program files\\nodejs\\node_modules\\npm\\bin\\npm-cli.js',
1 verbose cli   'install',
1 verbose cli   '-g',
1 verbose cli   'n' ]
2 info using npm@2.7.4
3 info using node@v0.12.2
4 silly cache add args [ 'n', null ]
5 verbose cache add spec n
6 silly cache add parsed spec { raw: 'n',
6 silly cache add   scope: null,
6 silly cache add   name: 'n',
6 silly cache add   rawSpec: '',
6 silly cache add   spec: '*',
6 silly cache add   type: 'range' }
7 verbose addNamed n@*
8 silly addNamed semver.valid null
9 silly addNamed semver.validRange *
10 silly addNameRange { name: 'n', range: '*', hasData: false }
11 silly mapToRegistry name n
12 silly mapToRegistry using default registry
13 silly mapToRegistry registry https://registry.npmjs.org/
14 silly mapToRegistry uri https://registry.npmjs.org/n
15 verbose addNameRange registry:https://registry.npmjs.org/n not in flight; fetching
16 verbose request uri https://registry.npmjs.org/n
17 verbose request no auth needed
18 info attempt registry request try #1 at 1:39:29 PM
19 verbose request id 6c634bbc9aa76325
20 http request GET https://registry.npmjs.org/n
21 http 200 https://registry.npmjs.org/n
22 silly get cb [ 200,
22 silly get   { server: 'CouchDB/1.5.0 (Erlang OTP/R16B03)',
22 silly get     'content-type': 'application/json',
22 silly get     etag: '"58421bad-f9eb"',
22 silly get     'content-encoding': 'gzip',
22 silly get     'cache-control': 'max-age=300',
22 silly get     'content-length': '12152',
22 silly get     'accept-ranges': 'bytes',
22 silly get     date: 'Sun, 04 Dec 2016 18:39:37 GMT',
22 silly get     via: '1.1 varnish',
22 silly get     age: '0',
22 silly get     connection: 'keep-alive',
22 silly get     'x-served-by': 'cache-bos8226-BOS',
22 silly get     'x-cache': 'MISS',
22 silly get     'x-cache-hits': '0',
22 silly get     'x-timer': 'S1480876777.409359,VS0,VE167',
22 silly get     vary: 'Accept-Encoding' } ]
23 verbose get saving n to C:\Users\Tovly\AppData\Roaming\npm-cache\registry.npmjs.org\n\.cache.json
24 silly addNameRange number 2 { name: 'n', range: '*', hasData: true }
25 silly addNameRange versions [ 'n',
25 silly addNameRange   [ '0.0.1',
25 silly addNameRange     '0.0.2',
25 silly addNameRange     '0.0.3',
25 silly addNameRange     '0.0.4',
25 silly addNameRange     '0.1.0',
25 silly addNameRange     '0.1.1',
25 silly addNameRange     '0.1.2',
25 silly addNameRange     '0.2.0',
25 silly addNameRange     '0.2.1',
25 silly addNameRange     '0.2.2',
25 silly addNameRange     '0.3.0',
25 silly addNameRange     '0.4.0',
25 silly addNameRange     '0.4.1',
25 silly addNameRange     '0.4.2',
25 silly addNameRange     '0.5.0',
25 silly addNameRange     '0.5.1',
25 silly addNameRange     '0.5.2',
25 silly addNameRange     '0.5.3',
25 silly addNameRange     '0.5.4',
25 silly addNameRange     '0.6.0',
25 silly addNameRange     '0.6.1',
25 silly addNameRange     '0.7.0',
25 silly addNameRange     '0.7.1',
25 silly addNameRange     '0.7.2',
25 silly addNameRange     '0.7.3',
25 silly addNameRange     '0.8.0',
25 silly addNameRange     '0.8.1',
25 silly addNameRange     '0.8.2',
25 silly addNameRange     '0.9.0',
25 silly addNameRange     '0.9.1',
25 silly addNameRange     '0.9.2',
25 silly addNameRange     '0.9.3',
25 silly addNameRange     '1.0.0',
25 silly addNameRange     '1.1.0',
25 silly addNameRange     '1.2.1',
25 silly addNameRange     '1.2.2',
25 silly addNameRange     '1.2.3',
25 silly addNameRange     '1.2.4',
25 silly addNameRange     '1.2.5',
25 silly addNameRange     '1.2.6',
25 silly addNameRange     '1.2.7',
25 silly addNameRange     '1.2.8',
25 silly addNameRange     '1.2.9',
25 silly addNameRange     '1.2.11',
25 silly addNameRange     '1.2.13',
25 silly addNameRange     '1.2.14',
25 silly addNameRange     '1.3.0',
25 silly addNameRange     '1.4.0',
25 silly addNameRange     '2.0.0',
25 silly addNameRange     '1.4.1',
25 silly addNameRange     '2.0.1',
25 silly addNameRange     '1.4.2',
25 silly addNameRange     '2.0.2',
25 silly addNameRange     '2.1.0',
25 silly addNameRange     '2.1.1',
25 silly addNameRange     '2.1.2',
25 silly addNameRange     '2.1.3',
25 silly addNameRange     '2.1.4' ] ]
26 verbose addNamed n@2.1.4
27 silly addNamed semver.valid 2.1.4
28 silly addNamed semver.validRange 2.1.4
29 silly mapToRegistry name n
30 silly mapToRegistry using default registry
31 silly mapToRegistry registry https://registry.npmjs.org/
32 silly mapToRegistry uri https://registry.npmjs.org/n
33 verbose addRemoteTarball https://registry.npmjs.org/n/-/n-2.1.4.tgz not in flight; adding
34 verbose addRemoteTarball [ 'https://registry.npmjs.org/n/-/n-2.1.4.tgz',
34 verbose addRemoteTarball   '7546bc467a120cc96718f2716cd86c43290f94c5' ]
35 info retry fetch attempt 1 at 1:39:30 PM
36 info attempt registry request try #1 at 1:39:30 PM
37 http fetch GET https://registry.npmjs.org/n/-/n-2.1.4.tgz
38 http fetch 200 https://registry.npmjs.org/n/-/n-2.1.4.tgz
39 silly fetchAndShaCheck shasum 7546bc467a120cc96718f2716cd86c43290f94c5
40 verbose addTmpTarball C:\Users\Tovly\AppData\Local\Temp\npm-21624-adc431e4\registry.npmjs.org\n\-\n-2.1.4.tgz not in flight; adding
41 verbose addTmpTarball already have metadata; skipping unpack for n@2.1.4
42 silly cache afterAdd n@2.1.4
43 verbose afterAdd C:\Users\Tovly\AppData\Roaming\npm-cache\n\2.1.4\package\package.json not in flight; writing
44 verbose afterAdd C:\Users\Tovly\AppData\Roaming\npm-cache\n\2.1.4\package\package.json written
45 silly install resolved [ { name: 'n',
45 silly install resolved     description: 'Interactively Manage All Your Node Versions',
45 silly install resolved     version: '2.1.4',
45 silly install resolved     author: { name: 'TJ Holowaychuk', email: 'tj@vision-media.ca' },
45 silly install resolved     homepage: 'https://github.com/tj/n',
45 silly install resolved     bugs: { url: 'https://github.com/tj/n/issues' },
45 silly install resolved     contributors: [ [Object], [Object], [Object] ],
45 silly install resolved     keywords:
45 silly install resolved      [ 'nvm',
45 silly install resolved        'node',
45 silly install resolved        'version',
45 silly install resolved        'manager',
45 silly install resolved        'switcher',
45 silly install resolved        'node',
45 silly install resolved        'binary',
45 silly install resolved        'env' ],
45 silly install resolved     bin: { n: './bin/n' },
45 silly install resolved     repository: { type: 'git', url: 'git://github.com/tj/n.git' },
45 silly install resolved     preferGlobal: true,
45 silly install resolved     os: [ '!win32' ],
45 silly install resolved     engines: { node: '*' },
45 silly install resolved     license: 'MIT',
45 silly install resolved     gitHead: 'ff9ba303d972069903c0f951ece43f47adce24e8',
45 silly install resolved     _id: 'n@2.1.4',
45 silly install resolved     scripts: {},
45 silly install resolved     _shasum: '7546bc467a120cc96718f2716cd86c43290f94c5',
45 silly install resolved     _from: 'n@*',
45 silly install resolved     _npmVersion: '3.10.3',
45 silly install resolved     _nodeVersion: '6.3.1',
45 silly install resolved     _npmUser: { name: 'qw3rtman', email: 'me@nimit.io' },
45 silly install resolved     dist:
45 silly install resolved      { shasum: '7546bc467a120cc96718f2716cd86c43290f94c5',
45 silly install resolved        tarball: 'https://registry.npmjs.org/n/-/n-2.1.4.tgz' },
45 silly install resolved     maintainers: [ [Object], [Object], [Object], [Object], [Object], [Object] ],
45 silly install resolved     _npmOperationalInternal:
45 silly install resolved      { host: 'packages-16-east.internal.npmjs.com',
45 silly install resolved        tmp: 'tmp/n-2.1.4.tgz_1470600124670_0.21058935346081853' },
45 silly install resolved     directories: {},
45 silly install resolved     _resolved: 'https://registry.npmjs.org/n/-/n-2.1.4.tgz' } ]
46 info install n@2.1.4 into C:\Users\Tovly\AppData\Roaming\npm
47 info installOne n@2.1.4
48 verbose installOne of n to C:\Users\Tovly\AppData\Roaming\npm not in flight; installing
49 verbose lock using C:\Users\Tovly\AppData\Roaming\npm-cache\_locks\n-f8ab56764e048520.lock for C:\Users\Tovly\AppData\Roaming\npm\node_modules\n
50 verbose unlock done using C:\Users\Tovly\AppData\Roaming\npm-cache\_locks\n-f8ab56764e048520.lock for C:\Users\Tovly\AppData\Roaming\npm\node_modules\n
51 verbose stack Error: Unsupported
51 verbose stack     at checkPlatform (c:\program files\nodejs\node_modules\npm\node_modules\npm-install-checks\index.js:47:14)
51 verbose stack     at Array.<anonymous> (c:\program files\nodejs\node_modules\npm\node_modules\slide\lib\bind-actor.js:15:8)
51 verbose stack     at LOOP (c:\program files\nodejs\node_modules\npm\node_modules\slide\lib\chain.js:15:14)
51 verbose stack     at c:\program files\nodejs\node_modules\npm\node_modules\slide\lib\chain.js:18:7
51 verbose stack     at checkEngine (c:\program files\nodejs\node_modules\npm\node_modules\npm-install-checks\index.js:26:10)
51 verbose stack     at Array.<anonymous> (c:\program files\nodejs\node_modules\npm\node_modules\slide\lib\bind-actor.js:15:8)
51 verbose stack     at LOOP (c:\program files\nodejs\node_modules\npm\node_modules\slide\lib\chain.js:15:14)
51 verbose stack     at chain (c:\program files\nodejs\node_modules\npm\node_modules\slide\lib\chain.js:20:5)
51 verbose stack     at c:\program files\nodejs\node_modules\npm\lib\install.js:1024:5
51 verbose stack     at c:\program files\nodejs\node_modules\npm\lib\utils\locker.js:40:9
52 verbose pkgid n@2.1.4
53 verbose cwd e:\programming\cs50DriveAnalyzer
54 error Windows_NT 6.3.9600
55 error argv "c:\\program files\\nodejs\\node.exe" "c:\\program files\\nodejs\\node_modules\\npm\\bin\\npm-cli.js" "install" "-g" "n"
56 error node v0.12.2
57 error npm  v2.7.4
58 error code EBADPLATFORM
59 error notsup Unsupported
59 error notsup Not compatible with your operating system or architecture: n@2.1.4
59 error notsup Valid OS:    !win32
59 error notsup Valid Arch:  any
59 error notsup Actual OS:   win32
59 error notsup Actual Arch: x64
60 verbose exit [ 1, true ]
